#
# There is insufficient memory for the Java Runtime Environment to continue.
# Native memory allocation (mmap) failed to map 268435456 bytes for G1 virtual space
# Possible reasons:
#   The system is out of physical RAM or swap space
#   The process is running with CompressedOops enabled, and the Java Heap may be blocking the growth of the native heap
# Possible solutions:
#   Reduce memory load on the system
#   Increase physical memory or swap space
#   Check if swap backing store is full
#   Decrease Java heap size (-Xmx/-Xms)
#   Decrease number of Java threads
#   Decrease Java thread stack sizes (-Xss)
#   Set larger code cache with -XX:ReservedCodeCacheSize=
#   JVM is running with Zero Based Compressed Oops mode in which the Java heap is
#     placed in the first 32GB address space. The Java Heap base address is the
#     maximum limit for the native heap growth. Please use -XX:HeapBaseMinAddress
#     to set the Java Heap base and to place the Java Heap above 32GB virtual address.
# This output file may be truncated or incomplete.
#
#  Out of Memory Error (os_windows.cpp:3541), pid=16068, tid=4960
#
# JRE version:  (17.0.5+9) (build )
# Java VM: Java HotSpot(TM) 64-Bit Server VM (17.0.5+9-LTS-191, mixed mode, sharing, tiered, compressed oops, compressed class ptrs, g1 gc, windows-amd64)
# No core dump will be written. Minidumps are not enabled by default on client versions of Windows
#

---------------  S U M M A R Y ------------

Command Line: -Dfile.encoding=UTF-8 --module-path=C:\Users\VeljkoBlagojevic\Documents\NetBeansProjects\Server_VeljkoBlagojevic\build\classes main.Main

Host: AMD Ryzen 5 1600 Six-Core Processor            , 12 cores, 15G,  Windows 10 , 64 bit Build 19041 (10.0.19041.2546)
Time: Fri Feb 17 22:53:43 2023 W. Europe Standard Time elapsed time: 0.012233 seconds (0d 0h 0m 0s)

---------------  T H R E A D  ---------------

Current thread (0x000002576ea7ea00):  JavaThread "Unknown thread" [_thread_in_vm, id=4960, stack(0x000000e524c00000,0x000000e524d00000)]

Stack: [0x000000e524c00000,0x000000e524d00000]
Native frames: (J=compiled Java code, j=interpreted, Vv=VM code, C=native code)
V  [jvm.dll+0x672eea]
V  [jvm.dll+0x7d2a04]
V  [jvm.dll+0x7d41ae]
V  [jvm.dll+0x7d4813]
V  [jvm.dll+0x242c15]
V  [jvm.dll+0x66fe09]
V  [jvm.dll+0x664682]
V  [jvm.dll+0x300e8b]
V  [jvm.dll+0x308426]
V  [jvm.dll+0x357ffe]
V  [jvm.dll+0x35822f]
V  [jvm.dll+0x2d80a8]
V  [jvm.dll+0x2d9014]
V  [jvm.dll+0x7a44e1]
V  [jvm.dll+0x365df1]
V  [jvm.dll+0x7838fc]
V  [jvm.dll+0x3e873f]
V  [jvm.dll+0x3ea1e1]
C  [jli.dll+0x527b]
C  [ucrtbase.dll+0x21bb2]
C  [KERNEL32.DLL+0x17614]
C  [ntdll.dll+0x526a1]


---------------  P R O C E S S  ---------------

Threads class SMR info:
_java_thread_list=0x00007ffad129a8d8, length=0, elements={
}

Java Threads: ( => current thread )

Other Threads:
  0x000002576eae84c0 GCTaskThread "GC Thread#0" [stack: 0x000000e524d00000,0x000000e524e00000] [id=8284]
  0x000002576eafb240 ConcurrentGCThread "G1 Main Marker" [stack: 0x000000e524e00000,0x000000e524f00000] [id=15904]
  0x000002576eafbb60 ConcurrentGCThread "G1 Conc#0" [stack: 0x000000e524f00000,0x000000e525000000] [id=11736]

[error occurred during error reporting (printing all threads), id 0xc0000005, EXCEPTION_ACCESS_VIOLATION (0xc0000005) at pc=0x00007ffad0ae8a97]

VM state: not at safepoint (not fully initialized)

VM Mutex/Monitor currently owned by a thread:  ([mutex/lock_event])
[0x000002576ea7b420] Heap_lock - owner thread: 0x000002576ea7ea00

Heap address: 0x0000000700e00000, size: 4082 MB, Compressed Oops mode: Zero based, Oop shift amount: 3

CDS archive(s) mapped at: [0x0000000000000000-0x0000000000000000-0x0000000000000000), size 0, SharedBaseAddress: 0x0000000800000000, ArchiveRelocationMode: 0.
Narrow klass base: 0x0000000000000000, Narrow klass shift: 0, Narrow klass range: 0x0

GC Precious Log:
<Empty>

Heap:
 garbage-first heap   total 0K, used 0K [0x0000000700e00000, 0x0000000800000000)
  region size 2048K, 0 young (0K), 0 survivors (0K)

[error occurred during error reporting (printing heap information), id 0xc0000005, EXCEPTION_ACCESS_VIOLATION (0xc0000005) at pc=0x00007ffad0ecc399]

GC Heap History (0 events):
No events

Deoptimization events (0 events):
No events

Classes unloaded (0 events):
No events

Classes redefined (0 events):
No events

Internal exceptions (0 events):
No events

VM Operations (0 events):
No events

Events (1 events):
Event: 0.007 Loaded shared library C:\Program Files\Java\jdk-17.0.5\bin\java.dll


Dynamic libraries:
0x00007ff7b0780000 - 0x00007ff7b0790000 	C:\Program Files\Java\jdk-17.0.5\bin\java.exe
0x00007ffb2d130000 - 0x00007ffb2d328000 	C:\Windows\SYSTEM32\ntdll.dll
0x00007ffb2bed0000 - 0x00007ffb2bf8f000 	C:\Windows\System32\KERNEL32.DLL
0x00007ffb2abe0000 - 0x00007ffb2aeb2000 	C:\Windows\System32\KERNELBASE.dll
0x00007ffb2a980000 - 0x00007ffb2aa80000 	C:\Windows\System32\ucrtbase.dll
0x00007ffb1e140000 - 0x00007ffb1e15a000 	C:\Program Files\Java\jdk-17.0.5\bin\VCRUNTIME140.dll
0x00007ffb265f0000 - 0x00007ffb26608000 	C:\Program Files\Java\jdk-17.0.5\bin\jli.dll
0x00007ffb2b1d0000 - 0x00007ffb2b27e000 	C:\Windows\System32\ADVAPI32.dll
0x00007ffb2b4f0000 - 0x00007ffb2b58e000 	C:\Windows\System32\msvcrt.dll
0x00007ffb2b590000 - 0x00007ffb2b62c000 	C:\Windows\System32\sechost.dll
0x00007ffb2b3c0000 - 0x00007ffb2b4e5000 	C:\Windows\System32\RPCRT4.dll
0x00007ffb2c520000 - 0x00007ffb2c6c1000 	C:\Windows\System32\USER32.dll
0x00007ffb2abb0000 - 0x00007ffb2abd2000 	C:\Windows\System32\win32u.dll
0x00007ffb20450000 - 0x00007ffb206ea000 	C:\Windows\WinSxS\amd64_microsoft.windows.common-controls_6595b64144ccf1df_6.0.19041.1110_none_60b5254171f9507e\COMCTL32.dll
0x00007ffb2d010000 - 0x00007ffb2d03b000 	C:\Windows\System32\GDI32.dll
0x00007ffb2a870000 - 0x00007ffb2a97f000 	C:\Windows\System32\gdi32full.dll
0x00007ffb2aa80000 - 0x00007ffb2ab1d000 	C:\Windows\System32\msvcp_win.dll
0x00007ffb24aa0000 - 0x00007ffb24aaa000 	C:\Windows\SYSTEM32\VERSION.dll
0x00007ffb2be90000 - 0x00007ffb2bec2000 	C:\Windows\System32\IMM32.DLL
0x00007ffb20ba0000 - 0x00007ffb20bac000 	C:\Program Files\Java\jdk-17.0.5\bin\vcruntime140_1.dll
0x00007ffb01b50000 - 0x00007ffb01bdd000 	C:\Program Files\Java\jdk-17.0.5\bin\msvcp140.dll
0x00007ffad0800000 - 0x00007ffad13c2000 	C:\Program Files\Java\jdk-17.0.5\bin\server\jvm.dll
0x00007ffb2c410000 - 0x00007ffb2c418000 	C:\Windows\System32\PSAPI.DLL
0x00007ffb12e20000 - 0x00007ffb12e29000 	C:\Windows\SYSTEM32\WSOCK32.dll
0x00007ffb231a0000 - 0x00007ffb231c7000 	C:\Windows\SYSTEM32\WINMM.dll
0x00007ffb2c420000 - 0x00007ffb2c48b000 	C:\Windows\System32\WS2_32.dll
0x00007ffb286c0000 - 0x00007ffb286d2000 	C:\Windows\SYSTEM32\kernel.appcore.dll
0x00007ffb05680000 - 0x00007ffb0568a000 	C:\Program Files\Java\jdk-17.0.5\bin\jimage.dll
0x00007ffb1e3d0000 - 0x00007ffb1e5b4000 	C:\Windows\SYSTEM32\DBGHELP.DLL
0x00007ffb12de0000 - 0x00007ffb12e15000 	C:\Windows\SYSTEM32\dbgcore.DLL
0x00007ffb2ab20000 - 0x00007ffb2aba2000 	C:\Windows\System32\bcryptPrimitives.dll
0x00007ffb08840000 - 0x00007ffb08865000 	C:\Program Files\Java\jdk-17.0.5\bin\java.dll

dbghelp: loaded successfully - version: 4.0.5 - missing functions: none
symbol engine: initialized successfully - sym options: 0x614 - pdb path: .;C:\Program Files\Java\jdk-17.0.5\bin;C:\Windows\SYSTEM32;C:\Windows\WinSxS\amd64_microsoft.windows.common-controls_6595b64144ccf1df_6.0.19041.1110_none_60b5254171f9507e;C:\Program Files\Java\jdk-17.0.5\bin\server

VM Arguments:
jvm_args: -Dfile.encoding=UTF-8 --module-path=C:\Users\VeljkoBlagojevic\Documents\NetBeansProjects\Server_VeljkoBlagojevic\build\classes 
java_command: main.Main
java_class_path (initial): C:\Users\VeljkoBlagojevic\Documents\NetBeansProjects\Common_VeljkoBlagojevic\build\classes;C:\Users\VeljkoBlagojevic\Documents\NetBeansProjects\Server_VeljkoBlagojevic\lib\mysql-connector-j-8.0.31.jar;C:\Users\VeljkoBlagojevic\Documents\NetBeansProjects\Server_VeljkoBlagojevic\build\classes
Launcher Type: SUN_STANDARD

[Global flags]
     intx CICompilerCount                          = 4                                         {product} {ergonomic}
     uint ConcGCThreads                            = 3                                         {product} {ergonomic}
     uint G1ConcRefinementThreads                  = 10                                        {product} {ergonomic}
   size_t G1HeapRegionSize                         = 2097152                                   {product} {ergonomic}
    uintx GCDrainStackTargetSize                   = 64                                        {product} {ergonomic}
   size_t InitialHeapSize                          = 268435456                                 {product} {ergonomic}
   size_t MarkStackSize                            = 4194304                                   {product} {ergonomic}
   size_t MaxHeapSize                              = 4280287232                                {product} {ergonomic}
   size_t MinHeapDeltaBytes                        = 2097152                                   {product} {ergonomic}
   size_t MinHeapSize                              = 8388608                                   {product} {ergonomic}
    uintx NonNMethodCodeHeapSize                   = 5839372                                {pd product} {ergonomic}
    uintx NonProfiledCodeHeapSize                  = 122909434                              {pd product} {ergonomic}
    uintx ProfiledCodeHeapSize                     = 122909434                              {pd product} {ergonomic}
    uintx ReservedCodeCacheSize                    = 251658240                              {pd product} {ergonomic}
     bool SegmentedCodeCache                       = true                                      {product} {ergonomic}
   size_t SoftMaxHeapSize                          = 4280287232                             {manageable} {ergonomic}
     bool UseCompressedClassPointers               = true                           {product lp64_product} {ergonomic}
     bool UseCompressedOops                        = true                           {product lp64_product} {ergonomic}
     bool UseG1GC                                  = true                                      {product} {ergonomic}
     bool UseLargePagesIndividualAllocation        = false                                  {pd product} {ergonomic}

Logging:
Log output configuration:
 #0: stdout all=warning uptime,level,tags
 #1: stderr all=off uptime,level,tags

Environment Variables:
PATH=C:\Ruby32-x64\bin;C:\Program Files\Common Files\Oracle\Java\javapath;C:\Windows\system32;C:\Windows;C:\Windows\System32\Wbem;C:\Windows\System32\WindowsPowerShell\v1.0\;C:\Windows\System32\OpenSSH\;C:\Program Files\NVIDIA Corporation\NVIDIA NvDLISR;C:\Program Files (x86)\NVIDIA Corporation\PhysX\Common;C:\Program Files\Microsoft SQL Server\Client SDK\ODBC\170\Tools\Binn\;C:\Program Files\Microsoft SQL Server\150\Tools\Binn\;C:\Program Files\dotnet\;C:\Program Files\Git\cmd;C:\Program Files\nodejs\;C:\xampp\php;C:\ProgramData\ComposerSetup\bin;C:\Program Files\Docker\Docker\resources\bin;C:\Program Files\apache-maven-3.8.7\bin;C:\Users\VeljkoBlagojevic\AppData\Local\Microsoft\WindowsApps;C:\Users\VeljkoBlagojevic\AppData\Local\Programs\Microsoft VS Code\bin;C:\Users\VeljkoBlagojevic\.dotnet\tools;C:\Program Files\JetBrains\IntelliJ IDEA 2022.3\bin;;C:\Users\VeljkoBlagojevic\AppData\Roaming\npm;C:\Users\VeljkoBlagojevic\AppData\Roaming\Composer\vendor\bin;C:\Program Files\apache-maven-3.8.7\bin;
USERNAME=VeljkoBlagojevic
OS=Windows_NT
PROCESSOR_IDENTIFIER=AMD64 Family 23 Model 1 Stepping 1, AuthenticAMD



---------------  S Y S T E M  ---------------

OS:
 Windows 10 , 64 bit Build 19041 (10.0.19041.2546)
OS uptime: 0 days 7:31 hours
Hyper-V role detected

CPU: total 12 (initial active 12) (12 cores per cpu, 2 threads per core) family 23 model 1 stepping 1 microcode 0x0, cx8, cmov, fxsr, ht, mmx, 3dnowpref, sse, sse2, sse3, ssse3, sse4a, sse4.1, sse4.2, popcnt, lzcnt, tsc, tscinvbit, avx, avx2, aes, clmul, bmi1, bmi2, adx, sha, fma, vzeroupper, clflush, clflushopt, hv

Memory: 4k page, system-wide physical 16327M (2782M free)
TotalPageFile size 65479M (AvailPageFile size 220M)
current process WorkingSet (physical memory assigned to process): 10M, peak: 10M
current process commit charge ("private bytes"): 64M, peak: 320M

vm_info: Java HotSpot(TM) 64-Bit Server VM (17.0.5+9-LTS-191) for windows-amd64 JRE (17.0.5+9-LTS-191), built on Sep 13 2022 17:31:43 by "mach5one" with MS VC++ 16.8 / 16.9 (VS2019)

END.
